Compilación iniciada a las 28/10/2015 17:04:01.
     1>Proyecto "D:\Users\pausc1\Documents\GitHub\ProgII\ProgII\ProgII\ProgII.vcxproj" en el nodo 2 (Build destinos).
     1>ClCompile:
         C:\Program Files (x86)\Microsoft Visual Studio 12.0\VC\bin\CL.exe /c /ZI /nologo /W3 /WX- /sdl /Od /Oy- /D _MBCS /Gm /EHsc /RTC1 /MDd /GS /fp:precise /Zc:wchar_t /Zc:forScope /Fo"Debug\\" /Fd"Debug\vc120.pdb" /Gd /TP /analyze- /errorReport:prompt p2String.cpp Source.cpp
         Source.cpp
         p2String.cpp
     1>d:\users\pausc1\documents\github\progii\progii\progii\p2string.h(14): error C2146: error de sintaxis : falta ';' delante del identificador 'capacity'
     1>d:\users\pausc1\documents\github\progii\progii\progii\p2string.h(14): error C4430: falta el especificador de tipo; se presupone int. Nota: C++ no admite default-int
     1>d:\users\pausc1\documents\github\progii\progii\progii\p2string.h(20): error C2061: error de sintaxis : identificador 'uint'
     1>d:\users\pausc1\documents\github\progii\progii\progii\p2string.h(20): error C2535: 'p2String::p2String(void)' : función miembro ya definida o declarada
                 d:\users\pausc1\documents\github\progii\progii\progii\p2string.h(17) : vea la declaración de 'p2String::p2String'
     1>d:\users\pausc1\documents\github\progii\progii\progii\p2string.h(26): error C2146: error de sintaxis : falta ';' delante del identificador 'GetCapacity'
     1>d:\users\pausc1\documents\github\progii\progii\progii\p2string.h(26): error C4430: falta el especificador de tipo; se presupone int. Nota: C++ no admite default-int
     1>d:\users\pausc1\documents\github\progii\progii\progii\p2string.h(26): warning C4183: 'GetCapacity': falta el tipo de valor devuelto; se supone que se trata de una función miembro que devuelve 'int'
     1>d:\users\pausc1\documents\github\progii\progii\progii\p2string.cpp(8): error C2065: 'capacity' : identificador no declarado
     1>d:\users\pausc1\documents\github\progii\progii\progii\p2string.cpp(8): error C2039: 'capacity' : no es un miembro de 'p2String'
                 d:\users\pausc1\documents\github\progii\progii\progii\p2string.h(6) : vea la declaración de 'p2String'
     1>d:\users\pausc1\documents\github\progii\progii\progii\p2string.cpp(14): error C2065: 'capacity' : identificador no declarado
     1>d:\users\pausc1\documents\github\progii\progii\progii\p2string.cpp(15): error C2065: 'capacity' : identificador no declarado
     1>d:\users\pausc1\documents\github\progii\progii\progii\p2string.cpp(20): error C2511: 'p2String::p2String(uint)' : la función miembro sobrecargada no se ha encontrado en 'p2String'
                 d:\users\pausc1\documents\github\progii\progii\progii\p2string.h(6) : vea la declaración de 'p2String'
     1>d:\users\pausc1\documents\github\progii\progii\progii\p2string.cpp(22): error C2671: 'p2String::{ctor}' : las funciones miembro static no tienen punteros 'this'
     1>d:\users\pausc1\documents\github\progii\progii\progii\p2string.cpp(22): error C2227: el operando izquierdo de '->capacity' debe señalar al tipo class/struct/union/generic
     1>d:\users\pausc1\documents\github\progii\progii\progii\p2string.cpp(32): error C2556: 'uint p2String::GetCapacity(const char *) const' : la función sobrecargada sólo se diferencia de 'int p2String::GetCapacity(const char *) const' por el tipo de valor devuelto
                 d:\users\pausc1\documents\github\progii\progii\progii\p2string.h(26) : vea la declaración de 'p2String::GetCapacity'
     1>d:\users\pausc1\documents\github\progii\progii\progii\p2string.cpp(32): error C2371: 'p2String::GetCapacity' : nueva definición; tipos básicos distintos
                 d:\users\pausc1\documents\github\progii\progii\progii\p2string.h(26) : vea la declaración de 'p2String::GetCapacity'
         Generando código...
     1>Compilación del proyecto terminada "D:\Users\pausc1\Documents\GitHub\ProgII\ProgII\ProgII\ProgII.vcxproj" (Build destinos) -- ERROR.

ERROR al compilar.

Tiempo transcurrido 00:00:01.88
